2023-04-22 02:47:55.918 [info] Extension host with pid 91822 started
2023-04-22 02:47:56.052 [info] ExtensionService#_doActivateExtension googlecloudtools.cloudcode, startup: false, activationEvent: 'onWalkthrough:one-activity-bar'
2023-04-22 02:47:56.203 [info] ExtensionService#_doActivateExtension vscode.github-authentication, startup: false, activationEvent: 'onAuthenticationRequest:github'
2023-04-22 02:47:56.307 [info] ExtensionService#_doActivateExtension vscode.git-base, startup: true, activationEvent: '*', root cause: vscode.git
2023-04-22 02:47:56.309 [info] ExtensionService#_doActivateExtension firsttris.vscode-jest-runner, startup: true, activationEvent: '*'
2023-04-22 02:47:56.361 [info] ExtensionService#_doActivateExtension wayou.vscode-todo-highlight, startup: true, activationEvent: '*'
2023-04-22 02:47:56.364 [info] ExtensionService#_doActivateExtension vscode.microsoft-authentication, startup: false, activationEvent: 'onAuthenticationRequest:microsoft'
2023-04-22 02:47:56.401 [info] ExtensionService#_doActivateExtension vscode.git, startup: true, activationEvent: '*'
2023-04-22 02:47:56.422 [info] ExtensionService#_doActivateExtension vscode.github, startup: true, activationEvent: '*'
2023-04-22 02:47:56.493 [info] Eager extensions activated
2023-04-22 02:47:56.508 [info] ExtensionService#_doActivateExtension vscode.debug-auto-launch, startup: false, activationEvent: 'onStartupFinished'
2023-04-22 02:47:56.511 [info] ExtensionService#_doActivateExtension vscode.merge-conflict, startup: false, activationEvent: 'onStartupFinished'
2023-04-22 02:47:56.516 [info] ExtensionService#_doActivateExtension dbaeumer.vscode-eslint, startup: false, activationEvent: 'onStartupFinished'
2023-04-22 02:47:56.529 [info] ExtensionService#_doActivateExtension dsznajder.es7-react-js-snippets, startup: false, activationEvent: 'onStartupFinished'
2023-04-22 02:47:56.827 [info] ExtensionService#_doActivateExtension vscode.npm, startup: false, activationEvent: 'onStartupFinished', root cause: esbenp.prettier-vscode
2023-04-22 02:47:56.845 [info] ExtensionService#_doActivateExtension ms-vscode-remote.remote-containers, startup: false, activationEvent: 'onStartupFinished'
2023-04-22 02:47:56.888 [info] ExtensionService#_doActivateExtension vscode-icons-team.vscode-icons, startup: false, activationEvent: 'onStartupFinished'
2023-04-22 02:47:56.950 [info] ExtensionService#_doActivateExtension esbenp.prettier-vscode, startup: false, activationEvent: 'onStartupFinished'
2023-04-22 02:47:57.561 [info] Extension host terminating: renderer closed the MessagePort
2023-04-22 02:47:57.569 [error] ProxyResolver#resolveProxy DIRECT Canceled: Canceled
	at new l (/Applications/Visual Studio Code.app/Contents/Resources/app/out/vs/workbench/api/node/extensionHostProcess.js:98:105190)
	at c.O (/Applications/Visual Studio Code.app/Contents/Resources/app/out/vs/workbench/api/node/extensionHostProcess.js:108:11692)
	at G.<computed>.Q.charCodeAt.G.<computed> (/Applications/Visual Studio Code.app/Contents/Resources/app/out/vs/workbench/api/node/extensionHostProcess.js:108:8967)
	at L.resolveProxy (/Applications/Visual Studio Code.app/Contents/Resources/app/out/vs/workbench/api/node/extensionHostProcess.js:109:20163)
	at Object.resolveProxy (/Applications/Visual Studio Code.app/Contents/Resources/app/out/vs/workbench/api/node/extensionHostProcess.js:119:9307)
	at useProxySettings (/Applications/Visual Studio Code.app/Contents/Resources/app/node_modules.asar/vscode-proxy-agent/out/index.js:159:16)
	at /Applications/Visual Studio Code.app/Contents/Resources/app/node_modules.asar/vscode-proxy-agent/out/index.js:107:13
	at /Applications/Visual Studio Code.app/Contents/Resources/app/node_modules.asar/vscode-proxy-agent/out/index.js:336:13 
2023-04-22 02:47:57.573 [info] Extension host with pid 91822 exiting with code 0
