2023-04-22 02:37:22.166 [info] Reading sessions from keychain...
2023-04-22 02:37:22.166 [info] Getting sessions for all scopes...
2023-04-22 02:37:22.166 [info] Getting sessions for user:email...
2023-04-22 02:37:22.167 [info] Got stored sessions!
2023-04-22 02:37:22.167 [info] Got 1 verified sessions.
2023-04-22 02:37:22.168 [info] Got 1 sessions for ...
2023-04-22 02:37:22.168 [info] Got 0 sessions for user:email...
2023-04-22 02:37:22.173 [info] Getting sessions for all scopes...
2023-04-22 02:37:22.173 [info] Got 1 sessions for ...
2023-04-22 02:37:22.272 [info] Getting sessions for all scopes...
2023-04-22 02:37:22.272 [info] Got 1 sessions for ...
2023-04-22 02:37:24.109 [info] Getting user info...
2023-04-22 02:37:24.416 [info] Got account info!
2023-04-22 02:37:43.724 [info] Reading sessions from keychain...
2023-04-22 02:37:43.724 [info] Getting sessions for all scopes...
2023-04-22 02:37:43.724 [info] Got stored sessions!
2023-04-22 02:37:43.724 [info] Got 1 verified sessions.
2023-04-22 02:37:43.724 [info] Got 1 sessions for ...
2023-04-22 02:37:43.724 [info] Getting sessions for all scopes...
2023-04-22 02:37:43.724 [info] Got 1 sessions for ...
2023-04-22 02:37:43.724 [info] Getting sessions for user:email...
2023-04-22 02:37:43.724 [info] Got 0 sessions for user:email...
2023-04-22 02:37:43.785 [info] Getting sessions for all scopes...
2023-04-22 02:37:43.785 [info] Got 1 sessions for ...
2023-04-22 02:37:45.300 [info] Getting user info...
2023-04-22 02:37:45.641 [info] Got account info!
