2023-04-22 02:37:21.708 [info] Extension host with pid 90076 started
2023-04-22 02:37:21.730 [info] ExtensionService#_doActivateExtension vscode.github-authentication, startup: false, activationEvent: 'onAuthenticationRequest:github'
2023-04-22 02:37:21.765 [info] ExtensionService#_doActivateExtension vscode.git-base, startup: true, activationEvent: '*', root cause: vscode.git
2023-04-22 02:37:21.766 [info] ExtensionService#_doActivateExtension firsttris.vscode-jest-runner, startup: true, activationEvent: '*'
2023-04-22 02:37:21.797 [info] ExtensionService#_doActivateExtension googlecloudtools.cloudcode, startup: true, activationEvent: '*'
2023-04-22 02:37:22.164 [info] ExtensionService#_doActivateExtension wayou.vscode-todo-highlight, startup: true, activationEvent: '*'
2023-04-22 02:37:22.177 [info] ExtensionService#_doActivateExtension vscode.git, startup: true, activationEvent: '*'
2023-04-22 02:37:22.208 [info] ExtensionService#_doActivateExtension vscode.github, startup: true, activationEvent: '*'
2023-04-22 02:37:22.231 [info] ExtensionService#_doActivateExtension vscode.microsoft-authentication, startup: false, activationEvent: 'onAuthenticationRequest:microsoft'
2023-04-22 02:37:22.308 [info] Eager extensions activated
2023-04-22 02:37:22.328 [info] ExtensionService#_doActivateExtension vscode.debug-auto-launch, startup: false, activationEvent: 'onStartupFinished'
2023-04-22 02:37:22.332 [info] ExtensionService#_doActivateExtension vscode.merge-conflict, startup: false, activationEvent: 'onStartupFinished'
2023-04-22 02:37:22.347 [info] ExtensionService#_doActivateExtension dbaeumer.vscode-eslint, startup: false, activationEvent: 'onStartupFinished'
2023-04-22 02:37:22.368 [info] ExtensionService#_doActivateExtension dsznajder.es7-react-js-snippets, startup: false, activationEvent: 'onStartupFinished'
2023-04-22 02:37:22.888 [info] ExtensionService#_doActivateExtension vscode.npm, startup: false, activationEvent: 'onStartupFinished', root cause: esbenp.prettier-vscode
2023-04-22 02:37:22.902 [info] ExtensionService#_doActivateExtension ms-vscode-remote.remote-containers, startup: false, activationEvent: 'onStartupFinished'
2023-04-22 02:37:22.959 [info] ExtensionService#_doActivateExtension vscode-icons-team.vscode-icons, startup: false, activationEvent: 'onStartupFinished'
2023-04-22 02:37:23.022 [info] ExtensionService#_doActivateExtension esbenp.prettier-vscode, startup: false, activationEvent: 'onStartupFinished'
2023-04-22 02:37:42.906 [info] Extension host terminating: renderer closed the MessagePort
2023-04-22 02:37:42.931 [error] ProxyResolver#resolveProxy DIRECT Canceled: Canceled
	at new l (/Applications/Visual Studio Code.app/Contents/Resources/app/out/vs/workbench/api/node/extensionHostProcess.js:98:105190)
	at c.O (/Applications/Visual Studio Code.app/Contents/Resources/app/out/vs/workbench/api/node/extensionHostProcess.js:108:11692)
	at G.<computed>.Q.charCodeAt.G.<computed> (/Applications/Visual Studio Code.app/Contents/Resources/app/out/vs/workbench/api/node/extensionHostProcess.js:108:8967)
	at L.resolveProxy (/Applications/Visual Studio Code.app/Contents/Resources/app/out/vs/workbench/api/node/extensionHostProcess.js:109:20163)
	at Object.resolveProxy (/Applications/Visual Studio Code.app/Contents/Resources/app/out/vs/workbench/api/node/extensionHostProcess.js:119:9307)
	at useProxySettings (/Applications/Visual Studio Code.app/Contents/Resources/app/node_modules.asar/vscode-proxy-agent/out/index.js:159:16)
	at /Applications/Visual Studio Code.app/Contents/Resources/app/node_modules.asar/vscode-proxy-agent/out/index.js:107:13
	at /Applications/Visual Studio Code.app/Contents/Resources/app/node_modules.asar/vscode-proxy-agent/out/index.js:336:13 
2023-04-22 02:37:42.936 [info] Extension host with pid 90076 exiting with code 0
2023-04-22 02:37:43.486 [info] Extension host with pid 90306 started
2023-04-22 02:37:43.486 [info] Skipping acquiring lock for /Users/mickey/Documents/practice/ruby-on-rails/my-api/~/.vscode-root/User/workspaceStorage/1ba502e6338a9b481b5a203428937ccb.
2023-04-22 02:37:43.497 [info] ExtensionService#_doActivateExtension vscode.git-base, startup: true, activationEvent: '*'
2023-04-22 02:37:43.502 [info] ExtensionService#_doActivateExtension vscode.github, startup: true, activationEvent: '*'
2023-04-22 02:37:43.518 [info] Eager extensions activated
2023-04-22 02:37:43.518 [info] ExtensionService#_doActivateExtension vscode.debug-auto-launch, startup: false, activationEvent: 'onStartupFinished'
2023-04-22 02:37:43.519 [info] ExtensionService#_doActivateExtension vscode.merge-conflict, startup: false, activationEvent: 'onStartupFinished'
2023-04-22 02:37:43.522 [info] ExtensionService#_doActivateExtension dsznajder.es7-react-js-snippets, startup: false, activationEvent: 'onStartupFinished'
2023-04-22 02:37:43.634 [info] ExtensionService#_doActivateExtension vscode.npm, startup: false, activationEvent: 'onStartupFinished', root cause: esbenp.prettier-vscode
2023-04-22 02:37:43.651 [info] ExtensionService#_doActivateExtension ms-vscode-remote.remote-containers, startup: false, activationEvent: 'onStartupFinished'
2023-04-22 02:37:43.662 [info] ExtensionService#_doActivateExtension vscode-icons-team.vscode-icons, startup: false, activationEvent: 'onStartupFinished'
2023-04-22 02:37:43.686 [info] ExtensionService#_doActivateExtension vscode.github-authentication, startup: false, activationEvent: 'onAuthenticationRequest:github'
2023-04-22 02:37:43.738 [info] ExtensionService#_doActivateExtension vscode.microsoft-authentication, startup: false, activationEvent: 'onAuthenticationRequest:microsoft'
2023-04-22 02:37:43.786 [info] ExtensionService#_doActivateExtension esbenp.prettier-vscode, startup: false, activationEvent: 'onStartupFinished'
2023-04-22 02:37:46.914 [info] ExtensionService#_doActivateExtension vscode.git, startup: false, activationEvent: 'api', root cause: vscode.github
2023-04-22 02:37:46.929 [info] ExtensionService#_doActivateExtension dbaeumer.vscode-eslint, startup: false, activationEvent: 'onStartupFinished'
2023-04-22 02:37:46.934 [info] ExtensionService#_doActivateExtension firsttris.vscode-jest-runner, startup: false, activationEvent: '*'
2023-04-22 02:37:46.961 [info] ExtensionService#_doActivateExtension googlecloudtools.cloudcode, startup: false, activationEvent: '*'
2023-04-22 02:37:47.084 [info] ExtensionService#_doActivateExtension wayou.vscode-todo-highlight, startup: false, activationEvent: '*'
2023-04-22 02:37:55.772 [info] ExtensionService#_doActivateExtension vscode.emmet, startup: false, activationEvent: 'onLanguage'
2023-04-22 02:38:08.975 [info] Extension host terminating: renderer closed the MessagePort
2023-04-22 02:38:08.984 [error] ProxyResolver#resolveProxy DIRECT Canceled: Canceled
	at new l (/Applications/Visual Studio Code.app/Contents/Resources/app/out/vs/workbench/api/node/extensionHostProcess.js:98:105190)
	at c.O (/Applications/Visual Studio Code.app/Contents/Resources/app/out/vs/workbench/api/node/extensionHostProcess.js:108:11692)
	at G.<computed>.Q.charCodeAt.G.<computed> (/Applications/Visual Studio Code.app/Contents/Resources/app/out/vs/workbench/api/node/extensionHostProcess.js:108:8967)
	at L.resolveProxy (/Applications/Visual Studio Code.app/Contents/Resources/app/out/vs/workbench/api/node/extensionHostProcess.js:109:20163)
	at Object.resolveProxy (/Applications/Visual Studio Code.app/Contents/Resources/app/out/vs/workbench/api/node/extensionHostProcess.js:119:9307)
	at useProxySettings (/Applications/Visual Studio Code.app/Contents/Resources/app/node_modules.asar/vscode-proxy-agent/out/index.js:159:16)
	at /Applications/Visual Studio Code.app/Contents/Resources/app/node_modules.asar/vscode-proxy-agent/out/index.js:107:13
	at /Applications/Visual Studio Code.app/Contents/Resources/app/node_modules.asar/vscode-proxy-agent/out/index.js:336:13 
2023-04-22 02:38:08.987 [info] Extension host with pid 90306 exiting with code 0
