2023-04-22 02:37:21.229 [warning] Via 'product.json#extensionEnabledApiProposals' extension 'ms-vscode.vscode-selfhost-test-provider' wants API proposal 'testContinuousRun' but that proposal DOES NOT EXIST. Likely, the proposal has been finalized (check 'vscode.d.ts') or was abandoned.
2023-04-22 02:37:21.237 [warning] Via 'product.json#extensionEnabledApiProposals' extension 'ms-vscode.remote-repositories' wants API proposal 'contribEditorGutterMenu' but that proposal DOES NOT EXIST. Likely, the proposal has been finalized (check 'vscode.d.ts') or was abandoned.
2023-04-22 02:37:21.238 [warning] Via 'product.json#extensionEnabledApiProposals' extension 'github.vscode-pull-request-github' wants API proposal 'contribEditorGutterMenu' but that proposal DOES NOT EXIST. Likely, the proposal has been finalized (check 'vscode.d.ts') or was abandoned.
2023-04-22 02:37:21.238 [warning] Via 'product.json#extensionEnabledApiProposals' extension 'ms-toolsai.jupyter' wants API proposal 'notebookControllerKind' but that proposal DOES NOT EXIST. Likely, the proposal has been finalized (check 'vscode.d.ts') or was abandoned.
2023-04-22 02:37:21.601 [info] [googlecloudtools.cloudcode]: Menu item references the same command as default and alt-command
2023-04-22 02:37:21.601 [info] [googlecloudtools.cloudcode]: Menu item references the same command as default and alt-command
2023-04-22 02:37:24.190 [info] [perf] Render performance baseline is 18ms
2023-04-22 02:37:43.093 [warning] Via 'product.json#extensionEnabledApiProposals' extension 'ms-vscode.vscode-selfhost-test-provider' wants API proposal 'testContinuousRun' but that proposal DOES NOT EXIST. Likely, the proposal has been finalized (check 'vscode.d.ts') or was abandoned.
2023-04-22 02:37:43.101 [warning] Via 'product.json#extensionEnabledApiProposals' extension 'ms-vscode.remote-repositories' wants API proposal 'contribEditorGutterMenu' but that proposal DOES NOT EXIST. Likely, the proposal has been finalized (check 'vscode.d.ts') or was abandoned.
2023-04-22 02:37:43.101 [warning] Via 'product.json#extensionEnabledApiProposals' extension 'github.vscode-pull-request-github' wants API proposal 'contribEditorGutterMenu' but that proposal DOES NOT EXIST. Likely, the proposal has been finalized (check 'vscode.d.ts') or was abandoned.
2023-04-22 02:37:43.101 [warning] Via 'product.json#extensionEnabledApiProposals' extension 'ms-toolsai.jupyter' wants API proposal 'notebookControllerKind' but that proposal DOES NOT EXIST. Likely, the proposal has been finalized (check 'vscode.d.ts') or was abandoned.
2023-04-22 02:37:45.857 [info] [perf] Render performance baseline is 17ms
2023-04-22 02:37:46.882 [info] [googlecloudtools.cloudcode]: Menu item references the same command as default and alt-command
2023-04-22 02:37:46.882 [info] [googlecloudtools.cloudcode]: Menu item references the same command as default and alt-command
2023-04-22 02:37:57.246 [error] [text file model] handleSaveError(1) - exit - resulted in a save error: Error: Unable to write file '/Users/mickey/Documents/practice/ruby-on-rails/my-api/app/controllers/tasks_controller.rb' (NoPermissions (FileSystemError): Error: EACCES: permission denied, open '/Users/mickey/Documents/practice/ruby-on-rails/my-api/app/controllers/tasks_controller.rb') file:///Users/mickey/Documents/practice/ruby-on-rails/my-api/app/controllers/tasks_controller.rb
2023-04-22 02:37:58.135 [error] [text file model] handleSaveError(1) - exit - resulted in a save error: Error: Unable to write file '/Users/mickey/Documents/practice/ruby-on-rails/my-api/app/controllers/tasks_controller.rb' (NoPermissions (FileSystemError): Error: EACCES: permission denied, open '/Users/mickey/Documents/practice/ruby-on-rails/my-api/app/controllers/tasks_controller.rb') file:///Users/mickey/Documents/practice/ruby-on-rails/my-api/app/controllers/tasks_controller.rb
2023-04-22 02:37:58.695 [error] [text file model] handleSaveError(1) - exit - resulted in a save error: Error: Unable to write file '/Users/mickey/Documents/practice/ruby-on-rails/my-api/app/controllers/tasks_controller.rb' (NoPermissions (FileSystemError): Error: EACCES: permission denied, open '/Users/mickey/Documents/practice/ruby-on-rails/my-api/app/controllers/tasks_controller.rb') file:///Users/mickey/Documents/practice/ruby-on-rails/my-api/app/controllers/tasks_controller.rb
2023-04-22 02:38:03.646 [error] [text file model] handleSaveError(1) - exit - resulted in a save error: Error: Command failed: "/Applications/Visual Studio Code.app/Contents/Resources/app/bin/code" --file-write "/Users/mickey/Documents/practice/ruby-on-rails/my-api/~/.vscode-root/code-elevated-fqOzqRwd" "/Users/mickey/Documents/practice/ruby-on-rails/my-api/app/controllers/tasks_controller.rb"
Error using --file-write: EPERM: operation not permitted, open '/Users/mickey/Documents/practice/ruby-on-rails/my-api/~/.vscode-root/code-elevated-fqOzqRwd'
 file:///Users/mickey/Documents/practice/ruby-on-rails/my-api/app/controllers/tasks_controller.rb
2023-04-22 02:38:08.966 [warning] [backup tracker] suspended, ignoring dirty change event file:///Users/mickey/Documents/practice/ruby-on-rails/my-api/app/controllers/tasks_controller.rb 
